<?xml version="1.0" encoding="UTF-8"?>
<!-- Generated by org.testng.reporters.JUnitXMLReporter -->
<testsuite ignored="1" hostname="DESKTOP-EGT0M14" failures="2" tests="2" name="purchase order Test" time="0.145" errors="0" timestamp="2024-02-13T19:15:39 IST">
  <testcase classname="rahulshettyacademy.SeleniumFrameWorkDesign.tests.Submitorder" name="submitorder" time="0.014">
    <failure type="java.lang.NullPointerException" message="Cannot invoke &amp;quot;rahulshettyacademy.SeleniumFrameWorkDesign.Pageobject.LandingPage.login(String, String)&amp;quot; because &amp;quot;this.lp&amp;quot; is null">
      <![CDATA[java.lang.NullPointerException: Cannot invoke "rahulshettyacademy.SeleniumFrameWorkDesign.Pageobject.LandingPage.login(String, String)" because "this.lp" is null
at rahulshettyacademy.SeleniumFrameWorkDesign.tests.Submitorder.submitorder(Submitorder.java:45)
at java.base/java.util.ArrayList.forEach(ArrayList.java:1511)
... Removed 27 stack frames]]>
    </failure>
  </testcase> <!-- submitorder -->
  <testcase classname="rahulshettyacademy.SeleniumFrameWorkDesign.tests.Submitorder" name="submitorder" time="0.002">
    <failure type="java.lang.NullPointerException" message="Cannot invoke &amp;quot;rahulshettyacademy.SeleniumFrameWorkDesign.Pageobject.LandingPage.login(String, String)&amp;quot; because &amp;quot;this.lp&amp;quot; is null">
      <![CDATA[java.lang.NullPointerException: Cannot invoke "rahulshettyacademy.SeleniumFrameWorkDesign.Pageobject.LandingPage.login(String, String)" because "this.lp" is null
at rahulshettyacademy.SeleniumFrameWorkDesign.tests.Submitorder.submitorder(Submitorder.java:45)
at java.base/java.util.ArrayList.forEach(ArrayList.java:1511)
... Removed 27 stack frames]]>
    </failure>
  </testcase> <!-- submitorder -->
  <testcase classname="rahulshettyacademy.SeleniumFrameWorkDesign.tests.Submitorder" name="validateOrder" time="0.0">
    <ignored/>
  </testcase> <!-- validateOrder -->
</testsuite> <!-- purchase order Test -->
