<?xml version="1.0" encoding="UTF-8"?>
<testng-results ignored="0" total="1" passed="1" failed="0" skipped="0">
  <reporter-output>
  </reporter-output>
  <suite started-at="2024-02-17T21:41:57 IST" name="Surefire suite" finished-at="2024-02-17T21:42:37 IST" duration-ms="39989">
    <groups>
      <group name="cucumber">
        <method signature="AbstractTestNGCucumberTests.runScenario(io.cucumber.testng.PickleWrapper,io.cucumber.testng.FeatureWrapper)[pri:0, instance:Cucumber.TestngTestrunner@6a400542]" name="runScenario" class="io.cucumber.testng.AbstractTestNGCucumberTests"/>
      </group> <!-- cucumber -->
    </groups>
    <test started-at="2024-02-17T21:41:57 IST" name="Surefire test" finished-at="2024-02-17T21:42:37 IST" duration-ms="39989">
      <class name="Cucumber.TestngTestrunner">
        <test-method is-config="true" signature="setUpClass(org.testng.ITestContext)[pri:0, instance:Cucumber.TestngTestrunner@6a400542]" started-at="2024-02-17T21:41:57 IST" name="setUpClass" finished-at="2024-02-17T21:41:58 IST" duration-ms="1295" status="PASS">
          <params>
            <param index="0">
              <value>
                <![CDATA[org.testng.TestRunner@d5d5353]]>
              </value>
            </param>
          </params>
          <reporter-output>
          </reporter-output>
        </test-method> <!-- setUpClass -->
        <test-method signature="runScenario(io.cucumber.testng.PickleWrapper,io.cucumber.testng.FeatureWrapper)[pri:0, instance:Cucumber.TestngTestrunner@6a400542]" started-at="2024-02-17T21:41:58 IST" name="runScenario" description="Runs Cucumber Scenarios" data-provider="scenarios" finished-at="2024-02-17T21:42:37 IST" duration-ms="38515" status="PASS">
          <params>
            <param index="0">
              <value>
                <![CDATA["End to End flow of Submitting order"]]>
              </value>
            </param>
            <param index="1">
              <value>
                <![CDATA["Purchase order from Ecommerce Website"]]>
              </value>
            </param>
          </params>
          <reporter-output>
          </reporter-output>
        </test-method> <!-- runScenario -->
        <test-method is-config="true" signature="tearDownClass()[pri:0, instance:Cucumber.TestngTestrunner@6a400542]" started-at="2024-02-17T21:42:37 IST" name="tearDownClass" finished-at="2024-02-17T21:42:37 IST" duration-ms="119" status="PASS">
          <reporter-output>
          </reporter-output>
        </test-method> <!-- tearDownClass -->
      </class> <!-- Cucumber.TestngTestrunner -->
    </test> <!-- Surefire test -->
  </suite> <!-- Surefire suite -->
</testng-results>
